2025-04-01T12:17:55.336Z [INFO]: Сервер запущен на порту 5001
2025-04-01T12:18:19.670Z [INFO]: Сервер запущен на порту 5001
2025-04-01T12:18:27.142Z [INFO]: Сервер запущен на порту 5001
2025-04-01T12:18:44.806Z [INFO]: Сервер запущен на порту 5001
2025-04-01T12:20:47.591Z [INFO]: Сервер запущен на порту 5001
2025-04-01T12:22:01.806Z [INFO]: Сервер запущен на порту 5001
2025-04-01T12:23:17.875Z [INFO]: Сервер запущен на порту 5001
2025-04-01T12:23:20.399Z [INFO]: Сервер запущен на порту 5001
2025-04-01T12:25:12.798Z [INFO]: Сервер запущен на порту 5001
2025-04-01T12:26:08.404Z [INFO]: Сервер запущен на порту 5001
2025-04-01T12:35:30.528Z [INFO]: Сервер запущен на порту 5001
2025-04-01T12:36:22.450Z [INFO]: Сервер запущен на порту 5001
2025-04-01T12:37:09.544Z [INFO]: Сервер запущен на порту 5001
2025-04-01T12:38:51.003Z [INFO]: Сервер запущен на порту 5001
2025-04-01T12:39:50.804Z [INFO]: Сервер запущен на порту 5001
2025-04-01T12:43:19.009Z [INFO]: Сервер запущен на порту 5001
2025-04-01T12:45:59.359Z [INFO]: Сервер запущен на порту 5001
2025-04-01T12:46:58.901Z [INFO]: Сервер запущен на порту 5001
2025-04-01T12:47:14.506Z [INFO]: Сервер запущен на порту 5001
2025-04-01T12:48:10.365Z [INFO]: Сервер запущен на порту 5001
2025-04-01T12:48:18.141Z [INFO]: Сервер запущен на порту 5001
2025-04-01T12:48:25.827Z [INFO]: Сервер запущен на порту 5001
2025-04-01T12:49:02.504Z [INFO]: Сервер запущен на порту 5001
2025-04-01T12:51:39.517Z [INFO]: Сервер запущен на порту 5001
2025-04-01T12:52:30.741Z [INFO]: Сервер запущен на порту 5001
2025-04-01T12:53:11.277Z [INFO]: Сервер запущен на порту 5001
2025-04-01T12:54:24.755Z [INFO]: Сервер запущен на порту 5001
2025-04-01T12:55:33.322Z [ERROR]: Ошибка верификации: Неверный код для email: kipe122006@gmail.com. Введенный код: 123456, сохраненный код: 123676
2025-04-01T12:55:33.356Z [ERROR]: Не удалось подтвердить email для kipe122006@gmail.com. Ошибка: Введенный код неверный
2025-04-01T12:59:22.749Z [INFO]: Сервер запущен на порту 5001
2025-04-01T13:01:02.624Z [INFO]: Сервер запущен на порту 5001
2025-04-01T13:01:32.944Z [INFO]: Сервер запущен на порту 5001
2025-04-01T13:01:42.667Z [INFO]: Сервер запущен на порту 5001
2025-04-01T13:06:16.888Z [INFO]: Сервер запущен на порту 5001
2025-04-01T13:06:59.767Z [INFO]: Сервер запущен на порту 5001
2025-04-01T13:08:11.795Z [INFO]: Верификационный код успешно сохранен в базу данных
2025-04-01T13:08:37.915Z [ERROR]: Ошибка отправки кода на email. Ошибка: connect ETIMEDOUT 142.250.102.108:587
2025-04-01T13:09:47.569Z [INFO]: Верификационный код успешно сохранен в базу данных
2025-04-01T13:09:49.609Z [INFO]: Код подтверждения успешно отправлен на email
2025-04-01T13:12:14.410Z [INFO]: Верификационный код успешно сохранен в базу данных
2025-04-01T13:12:16.059Z [INFO]: Код подтверждения успешно отправлен на email
2025-04-01T13:20:57.146Z [INFO]: Верификационный код успешно сохранен в базу данных
2025-04-01T13:20:58.786Z [INFO]: Код подтверждения успешно отправлен на email
2025-04-01T13:21:42.304Z [INFO]: Сервер запущен на порту 5001
2025-04-01T13:22:39.411Z [INFO]: Верификационный код успешно сохранен в базу данных
2025-04-01T13:22:41.339Z [INFO]: Код подтверждения успешно отправлен на email
2025-04-01T13:25:08.709Z [INFO]: Верификационный код успешно сохранен в базу данных
2025-04-01T13:25:10.187Z [INFO]: Код подтверждения успешно отправлен на email
2025-04-01T13:35:57.209Z [INFO]: Верификационный код успешно сохранен в базу данных
2025-04-01T13:35:59.775Z [INFO]: Код подтверждения успешно отправлен на email
2025-04-01T13:36:46.608Z [INFO]: Верификационный код успешно сохранен в базу данных
2025-04-01T13:36:48.578Z [INFO]: Код подтверждения успешно отправлен на email
2025-04-01T13:37:05.364Z [INFO]: Успешная верификация email для: kip@gmail.com
2025-04-01T13:46:46.476Z [INFO]: Сервер запущен на порту 5001
2025-04-01T13:47:31.786Z [INFO]: Сервер запущен на порту 5001
2025-04-01T13:48:20.640Z [INFO]: Сервер запущен на порту 5001
2025-04-01T13:48:24.249Z [INFO]: Сервер запущен на порту 5001
2025-04-01T13:49:24.553Z [INFO]: Сервер запущен на порту 5001
2025-04-01T13:49:51.535Z [INFO]: Сервер запущен на порту 5001
2025-04-01T13:52:45.548Z [INFO]: Сервер запущен на порту 5001
2025-04-01T13:52:51.606Z [INFO]: Сервер запущен на порту 5001
2025-04-01T13:54:10.694Z [INFO]: Сервер запущен на порту 5001
2025-04-01T13:54:14.286Z [INFO]: Сервер запущен на порту 5001
2025-04-01T13:54:41.100Z [INFO]: Сервер запущен на порту 5001
2025-04-01T13:55:49.140Z [INFO]: Сервер запущен на порту 5001
2025-04-01T13:56:10.879Z [INFO]: Сервер запущен на порту 5001
2025-04-01T13:56:16.942Z [INFO]: Сервер запущен на порту 5001
2025-04-01T13:57:15.953Z [INFO]: Сервер запущен на порту 5001
2025-04-01T13:57:44.407Z [INFO]: Сервер запущен на порту 5001
2025-04-01T13:57:49.391Z [INFO]: Сервер запущен на порту 5001
2025-04-01T13:57:58.193Z [INFO]: Сервер запущен на порту 5001
2025-04-01T13:59:42.972Z [INFO]: Сервер запущен на порту 5001
2025-04-01T14:00:04.195Z [INFO]: Сервер запущен на порту 5001
2025-04-01T14:01:47.818Z [ERROR]: Ошибка регистрации пользователя. Ошибка: The email address is already in use by another account.
2025-04-01T14:03:03.753Z [INFO]: Успешное создание пользователя: SKmzMd0yDDhRthJBMwKL75aR7OC2
2025-04-01T14:05:55.669Z [INFO]: Сервер запущен на порту 5001
2025-04-01T14:22:43.452Z [INFO]: Сервер запущен на порту 5001
2025-04-01T14:24:43.253Z [INFO]: Сервер запущен на порту 5001
2025-04-01T14:28:26.449Z [INFO]: Сервер запущен на порту 5001
2025-04-01T14:28:50.412Z [INFO]: Сервер запущен на порту 5001
2025-04-01T14:29:25.039Z [INFO]: Сервер запущен на порту 5001
2025-04-01T14:29:32.589Z [INFO]: Сервер запущен на порту 5001
2025-04-01T14:30:20.731Z [INFO]: Сервер запущен на порту 5001
2025-04-01T14:30:42.640Z [INFO]: Сервер запущен на порту 5001
2025-04-01T14:32:20.551Z [INFO]: Сервер запущен на порту 5001
2025-04-01T14:34:42.242Z [INFO]: Сервер запущен на порту 5001
2025-04-01T15:02:51.858Z [ERROR]: Ошибка регистрации пользователя. Ошибка: The email address is already in use by another account.
2025-04-01T15:03:47.530Z [ERROR]: Ошибка регистрации пользователя. Ошибка: The email address is already in use by another account.
2025-04-01T15:06:06.620Z [ERROR]: Ошибка регистрации пользователя. Ошибка: The email address is already in use by another account.
2025-04-01T15:06:12.114Z [ERROR]: Ошибка регистрации пользователя. Ошибка: The email address is already in use by another account.
2025-04-01T15:28:23.258Z [INFO]: Успешное создание пользователя: RnTMn6E3Mfew4ngf86uZrE0VlMP2
2025-04-01T15:28:25.481Z [INFO]: Верификационный код успешно сохранен в базу данных
2025-04-01T15:28:51.636Z [ERROR]: Ошибка отправки кода на email. Ошибка: connect ETIMEDOUT 173.194.222.109:587
2025-04-01T15:29:08.083Z [ERROR]: Ошибка регистрации пользователя. Ошибка: The email address is already in use by another account.
2025-04-01T15:30:01.734Z [INFO]: Успешное создание пользователя: jEMsCGuhHBfGh4cQSUKdRTcaG0g1
2025-04-01T15:30:03.248Z [INFO]: Верификационный код успешно сохранен в базу данных
2025-04-01T15:30:24.301Z [ERROR]: Ошибка отправки кода на email. Ошибка: connect ETIMEDOUT 173.194.222.109:587
2025-04-01T15:30:34.105Z [INFO]: Успешное создание пользователя: 1hLQ81O1W7W3jv1fv1kA4gzQ7jj2
2025-04-01T15:30:35.301Z [INFO]: Верификационный код успешно сохранен в базу данных
2025-04-01T15:30:56.345Z [ERROR]: Ошибка отправки кода на email. Ошибка: connect ETIMEDOUT 173.194.222.109:587
2025-04-01T15:32:08.587Z [INFO]: Успешное создание пользователя: 79Z4eP60CwWDxQcAvwRJTR9U26i2
2025-04-01T15:32:09.778Z [INFO]: Верификационный код успешно сохранен в базу данных
2025-04-01T15:32:30.826Z [ERROR]: Ошибка отправки кода на email. Ошибка: connect ETIMEDOUT 173.194.222.109:587
2025-04-01T15:32:49.812Z [INFO]: Успешное создание пользователя: J6Sl98FhX9RtilQ8IhgblTu9XTi2
2025-04-01T15:32:50.968Z [INFO]: Верификационный код успешно сохранен в базу данных
2025-04-01T15:33:11.986Z [ERROR]: Ошибка отправки кода на email. Ошибка: connect ETIMEDOUT 173.194.222.109:587
2025-04-01T15:34:17.264Z [INFO]: Успешное создание пользователя: HJSm5YrZH7YpNCjMGHvpz6gOLsm1
2025-04-01T15:34:18.418Z [INFO]: Верификационный код успешно сохранен в базу данных
2025-04-01T15:34:44.546Z [ERROR]: Ошибка отправки кода на email. Ошибка: connect ETIMEDOUT 173.194.222.109:587
2025-04-01T15:45:29.303Z [INFO]: Успешное создание пользователя: cm1WvrwygcejdG6NSxhw5gH97Wz2
2025-04-01T15:46:19.458Z [INFO]: Успешное создание пользователя: 7YUgzuuBohfpYtaascn4PkYmmMC2
2025-04-01T15:46:21.229Z [INFO]: Верификационный код успешно сохранен в базу данных
2025-04-01T15:46:47.364Z [ERROR]: Ошибка отправки кода на email. Ошибка: connect ETIMEDOUT 173.194.222.108:587
2025-04-01T15:47:48.365Z [INFO]: Успешное создание пользователя: xoY5wxLeHPbjH0vNFdLRG5TuPYw2
2025-04-01T15:47:49.803Z [INFO]: Верификационный код успешно сохранен в базу данных
2025-04-01T15:48:10.857Z [ERROR]: Ошибка отправки кода на email. Ошибка: connect ETIMEDOUT 173.194.222.108:587
2025-04-01T15:48:34.423Z [INFO]: Успешное создание пользователя: hWsm3GpT9mNnxZbqcfNsJ5cxegR2
2025-04-01T15:48:35.920Z [INFO]: Верификационный код успешно сохранен в базу данных
2025-04-01T15:48:40.212Z [INFO]: Код подтверждения успешно отправлен на email
2025-04-01T15:48:59.686Z [INFO]: Успешная верификация email для: r5@gmail.com
2025-04-01T15:51:06.252Z [INFO]: Сервер запущен на порту 5001
2025-04-01T15:51:42.671Z [INFO]: Сервер запущен на порту 5001
2025-04-01T15:52:04.934Z [INFO]: Сервер запущен на порту 5001
2025-04-01T15:52:17.341Z [INFO]: Успешное создание пользователя: r3Z8UNUDzndxHHc70N7PcxAoSPX2
2025-04-01T15:52:19.113Z [INFO]: Верификационный код успешно сохранен в базу данных
2025-04-01T15:52:20.682Z [INFO]: Код подтверждения успешно отправлен на email
2025-04-01T15:52:42.811Z [INFO]: Успешная верификация email для: y1@gmail.com
2025-04-01T15:53:26.449Z [INFO]: Сервер запущен на порту 5001
2025-04-01T15:53:37.248Z [INFO]: Успешное создание пользователя: jdVGkAOyAjdZRW2yUEAFZ2fQXZr2
2025-04-01T15:53:38.946Z [INFO]: Верификационный код успешно сохранен в базу данных
2025-04-01T15:53:40.420Z [INFO]: Код подтверждения успешно отправлен на email
2025-04-01T15:53:50.597Z [INFO]: Успешная верификация email для: y2@gmail.com
2025-04-01T15:54:54.046Z [INFO]: Сервер запущен на порту 5001
2025-04-01T15:54:57.779Z [INFO]: Сервер запущен на порту 5001
2025-04-01T15:55:17.241Z [INFO]: Сервер запущен на порту 5001
2025-04-01T15:55:20.394Z [INFO]: Сервер запущен на порту 5001
2025-04-01T15:55:46.983Z [INFO]: Сервер запущен на порту 5001
2025-04-01T16:02:29.115Z [INFO]: Успешное создание пользователя: 3kKpSFXAUNX5t9FaPKF8C09YmEv2
2025-04-01T16:02:31.074Z [INFO]: Верификационный код успешно сохранен в базу данных
2025-04-01T16:02:33.492Z [INFO]: Код подтверждения успешно отправлен на email
2025-04-01T16:02:59.249Z [INFO]: Успешная верификация email для: y3@gmail.com
2025-04-01T19:18:02.066Z [INFO]: Верификационный код успешно сохранен в базу данных
2025-04-01T19:18:08.880Z [INFO]: Код подтверждения успешно отправлен на email
2025-04-01T19:18:15.114Z [ERROR]: Не удалось подтвердить email для yr2@gmail.com. Ошибка: There is no user record corresponding to the provided identifier.
2025-04-01T20:49:51.822Z [INFO]: Сервер запущен на порту 5001
2025-04-01T20:51:38.656Z [INFO]: Верификационный код успешно сохранен в базу данных
2025-04-01T20:51:46.137Z [INFO]: Код подтверждения успешно отправлен на email
2025-04-01T20:54:24.457Z [INFO]: Верификационный код успешно сохранен в базу данных
2025-04-01T20:54:28.140Z [INFO]: Код подтверждения успешно отправлен на email
2025-04-01T21:02:03.844Z [INFO]: Успешное создание пользователя: GfL463WF5AMpofCBgLT8xWRtqT13
2025-04-01T21:02:05.697Z [INFO]: Верификационный код успешно сохранен в базу данных
2025-04-01T21:02:12.649Z [INFO]: Код подтверждения успешно отправлен на email
2025-04-01T21:03:19.337Z [INFO]: Успешная верификация email для: y4@gmail.com
2025-04-02T12:54:08.396Z [INFO]: Сервер запущен на порту 5001
2025-04-02T13:03:17.551Z [INFO]: Сервер запущен на порту 5001
2025-04-02T13:05:32.620Z [INFO]: Сервер запущен на порту 5001
2025-04-02T13:05:48.012Z [INFO]: Сервер запущен на порту 5001
2025-04-02T13:06:01.646Z [INFO]: Сервер запущен на порту 5001
2025-04-02T13:07:00.924Z [INFO]: Сервер запущен на порту 5001
2025-04-02T13:07:18.861Z [INFO]: Сервер запущен на порту 5001
2025-04-02T13:07:39.466Z [INFO]: Сервер запущен на порту 5001
2025-04-02T13:12:04.043Z [INFO]: Сервер запущен на порту 5001
2025-04-02T13:12:07.850Z [INFO]: Сервер запущен на порту 5001
2025-04-02T13:13:10.430Z [INFO]: Сервер запущен на порту 5001
2025-04-02T13:16:09.193Z [INFO]: Сервер запущен на порту 5001
2025-04-02T13:16:34.337Z [INFO]: Сервер запущен на порту 5001
2025-04-02T13:18:12.168Z [INFO]: Сервер запущен на порту 5001
2025-04-02T13:18:54.476Z [INFO]: Сервер запущен на порту 5001
2025-04-02T13:20:09.824Z [INFO]: Сервер запущен на порту 5001
2025-04-02T13:20:36.156Z [INFO]: Сервер запущен на порту 5001
2025-04-02T13:21:56.709Z [INFO]: Сервер запущен на порту 5001
2025-04-02T13:22:06.999Z [INFO]: Сервер запущен на порту 5001
2025-04-02T13:22:22.440Z [INFO]: Сервер запущен на порту 5001
2025-04-02T15:17:13.545Z [INFO]: Успешное создание пользователя: l81HfoU8rLda9Qr1DyPfhDNwdwf1
2025-04-02T15:17:15.664Z [INFO]: Верификационный код успешно сохранен в базу данных
2025-04-02T15:17:37.593Z [INFO]: Код подтверждения успешно отправлен на email
2025-04-02T15:17:42.520Z [INFO]: Успешное создание пользователя: 6LQCgLlgzYMpkY4Z1UR3WQyck6i2
2025-04-02T15:17:44.098Z [INFO]: Верификационный код успешно сохранен в базу данных
2025-04-02T15:17:45.429Z [INFO]: Код подтверждения успешно отправлен на email
2025-04-02T15:18:40.059Z [INFO]: Успешное создание пользователя: FibPTOfIDBhb1KocoPzwBKW8Lnf1
2025-04-02T15:18:41.260Z [INFO]: Верификационный код успешно сохранен в базу данных
2025-04-02T15:18:42.707Z [INFO]: Код подтверждения успешно отправлен на email
2025-04-02T15:21:16.449Z [INFO]: Успешное создание пользователя: ps4WPDoem5OcXHQbxNSchIdAdJd2
2025-04-02T15:21:17.645Z [INFO]: Верификационный код успешно сохранен в базу данных
2025-04-02T15:21:19.086Z [INFO]: Код подтверждения успешно отправлен на email
2025-04-02T15:22:26.954Z [ERROR]: Ошибка регистрации пользователя. Ошибка: The email address is already in use by another account.
2025-04-02T15:22:35.842Z [INFO]: Успешное создание пользователя: a7uVBxBHSYa4WOYxUVcKC8kS9q73
2025-04-02T15:22:37.063Z [INFO]: Верификационный код успешно сохранен в базу данных
2025-04-02T15:22:38.567Z [INFO]: Код подтверждения успешно отправлен на email
2025-04-02T15:22:55.540Z [ERROR]: Ошибка верификации: Неверный код для email: y11@gmail.com. Введенный код: 152946, сохраненный код: 152947
2025-04-02T15:24:56.018Z [INFO]: Успешное создание пользователя: yiKsmzkimCRVHF0nLNEzxNavSB52
2025-04-02T15:24:57.213Z [INFO]: Верификационный код успешно сохранен в базу данных
2025-04-02T15:24:58.855Z [INFO]: Код подтверждения успешно отправлен на email
2025-04-02T15:25:11.218Z [ERROR]: Ошибка верификации: Неверный код для email: y12@gmail.com. Введенный код: 337368, сохраненный код: 337369
2025-04-02T15:27:33.969Z [INFO]: Сервер запущен на порту 5001
2025-04-02T15:27:50.798Z [INFO]: Успешное создание пользователя: aLqPdbkFwaYdI8rcsp4mt7m4eKn2
2025-04-02T15:27:52.577Z [INFO]: Верификационный код успешно сохранен в базу данных
2025-04-02T15:27:54.083Z [INFO]: Код подтверждения успешно отправлен на email
2025-04-02T15:28:01.553Z [ERROR]: Ошибка верификации: Неверный код для email: y13@gmail.com. Введенный код: 701978, сохраненный код: 701979
2025-04-02T15:29:45.480Z [INFO]: Сервер запущен на порту 5001
2025-04-02T15:30:03.142Z [ERROR]: Ошибка верификации: Неверный код для email: y13@gmail.com. Введенный код: 701978, сохраненный код: 701979
2025-04-02T15:32:24.744Z [INFO]: Успешное создание пользователя: MUA33VBUeYfdvBJdHpzyVqaGTYt1
2025-04-02T15:32:26.566Z [INFO]: Верификационный код успешно сохранен в базу данных
2025-04-02T15:32:29.707Z [INFO]: Код подтверждения успешно отправлен на email
2025-04-02T15:32:36.625Z [ERROR]: Ошибка верификации: Неверный код для email: y14@gmail.com. Введенный код: 709252, сохраненный код: 709251
2025-04-02T15:33:21.874Z [INFO]: Успешное создание пользователя: TcMocixXyYdWwhEGWVQwcxBoV5n2
2025-04-02T15:33:23.065Z [INFO]: Верификационный код успешно сохранен в базу данных
2025-04-02T15:33:24.579Z [INFO]: Код подтверждения успешно отправлен на email
2025-04-02T15:36:08.092Z [INFO]: Сервер запущен на порту 5001
2025-04-02T15:36:19.035Z [INFO]: Успешное создание пользователя: AWSD0pom9LbgLgaQaIxxsbOrDEy1
2025-04-02T15:36:20.947Z [INFO]: Верификационный код успешно сохранен в базу данных
2025-04-02T15:36:22.510Z [INFO]: Код подтверждения успешно отправлен на email
2025-04-02T15:36:30.167Z [ERROR]: Ошибка верификации: Неверный код для email: y16@gmail.com. Введенный код: 247163, сохраненный код: 247164
2025-04-02T15:38:14.445Z [INFO]: Сервер запущен на порту 5001
2025-04-02T15:38:25.944Z [INFO]: Успешное создание пользователя: VxdYlV0YYlbX47hA8c2wuADbxAR2
2025-04-02T15:38:27.646Z [INFO]: Верификационный код успешно сохранен в базу данных
2025-04-02T15:38:29.268Z [INFO]: Код подтверждения успешно отправлен на email
2025-04-02T15:38:39.245Z [ERROR]: Ошибка верификации: Неверный код для email: y17@gmail.com. Введенный код: 566288, сохраненный код: 566289
2025-04-02T15:39:52.426Z [INFO]: Сервер запущен на порту 5001
2025-04-02T15:40:14.648Z [INFO]: Успешное создание пользователя: 9VwZMA1isyQGEDVqlpLh3ABuscs2
2025-04-02T15:40:16.979Z [INFO]: Верификационный код успешно сохранен в базу данных
2025-04-02T15:40:18.423Z [INFO]: Код подтверждения успешно отправлен на email
2025-04-02T15:40:23.394Z [ERROR]: Не удалось подтвердить email для y18@gmail.com. Ошибка: this.checkIsVerificationCodeEqualToEntered is not a function
2025-04-02T15:40:29.662Z [ERROR]: Не удалось подтвердить email для y18@gmail.com. Ошибка: this.checkIsVerificationCodeEqualToEntered is not a function
2025-04-02T15:41:05.587Z [INFO]: Сервер запущен на порту 5001
2025-04-02T15:41:11.794Z [ERROR]: Не удалось подтвердить email для y18@gmail.com. Ошибка: docRef is not defined
2025-04-02T15:42:12.587Z [INFO]: Успешное создание пользователя: 4xrf0Rii5WfZx64v5JrZv088gCL2
2025-04-02T15:42:14.567Z [INFO]: Верификационный код успешно сохранен в базу данных
2025-04-02T15:42:17.158Z [INFO]: Код подтверждения успешно отправлен на email
2025-04-02T15:42:22.787Z [ERROR]: Ошибка верификации: Неверный код для email: y19@gmail.com. Введенный код: 988321, сохраненный код: 988320
2025-04-02T15:42:22.789Z [ERROR]: Не удалось подтвердить email для y19@gmail.com. Ошибка: Введенный код неверный
2025-04-02T15:42:39.870Z [ERROR]: Не удалось подтвердить email для y19@gmail.com. Ошибка: docRef is not defined
2025-04-02T15:47:08.003Z [INFO]: Сервер запущен на порту 5001
2025-04-02T15:47:23.941Z [INFO]: Сервер запущен на порту 5001
2025-04-02T15:47:57.197Z [INFO]: Сервер запущен на порту 5001
2025-04-02T15:48:18.118Z [INFO]: Успешное создание пользователя: G3nDidunmJf5Ocbhg5SIO9XjqBB2
2025-04-02T15:48:19.897Z [INFO]: Верификационный код успешно сохранен в базу данных
2025-04-02T15:48:21.525Z [INFO]: Код подтверждения успешно отправлен на email
2025-04-02T15:48:32.833Z [ERROR]: Ошибка верификации: Неверный код для email: d6@gmail.com. Введенный код: 296043, сохраненный код: 296044
2025-04-02T15:48:32.834Z [ERROR]: Не удалось подтвердить email для d6@gmail.com. Ошибка: Введенный код неверный
2025-04-02T15:48:37.901Z [INFO]: Успешная верификация email для: d6@gmail.com
2025-04-02T15:50:24.465Z [ERROR]: Ошибка регистрации пользователя. Ошибка: Error while making request: getaddrinfo ENOTFOUND identitytoolkit.googleapis.com. Error code: ENOTFOUND
2025-04-02T15:50:50.996Z [ERROR]: Ошибка регистрации пользователя. Ошибка: Error while making request: getaddrinfo ENOTFOUND identitytoolkit.googleapis.com. Error code: ENOTFOUND
2025-04-02T15:51:02.082Z [INFO]: Успешное создание пользователя: 7mkzXPGSfgS3pFvHdfvLhI6QOsg1
2025-04-02T15:51:03.409Z [INFO]: Верификационный код успешно сохранен в базу данных
2025-04-02T15:51:05.112Z [INFO]: Код подтверждения успешно отправлен на email
2025-04-02T15:51:12.920Z [INFO]: Успешная верификация email для: d7@gmail.com
2025-04-02T15:53:00.786Z [INFO]: Успешное создание пользователя: qnR3XIBHKbb9iqzU5X8cXsUZuSx2
2025-04-02T15:53:01.978Z [INFO]: Верификационный код успешно сохранен в базу данных
2025-04-02T15:53:04.001Z [INFO]: Код подтверждения успешно отправлен на email
2025-04-02T15:53:14.165Z [INFO]: Успешная верификация email для: d8@gmail.com
2025-04-02T16:00:25.084Z [INFO]: Верификационный код успешно сохранен в базу данных
2025-04-02T16:00:38.880Z [INFO]: Код подтверждения успешно отправлен на email
2025-04-02T16:01:00.438Z [ERROR]: Ошибка верификации: Неверный код для email: d9@gmail.com. Введенный код: 331395, сохраненный код: 331396
2025-04-02T16:01:00.438Z [ERROR]: Не удалось подтвердить email для d9@gmail.com. Ошибка: Введенный код неверный
2025-04-02T16:01:05.065Z [INFO]: Успешная верификация email для: d9@gmail.com
2025-04-02T16:04:39.102Z [INFO]: Верификационный код успешно сохранен в базу данных
2025-04-02T16:04:40.879Z [INFO]: Код подтверждения успешно отправлен на email
2025-04-02T16:04:52.953Z [INFO]: Успешная верификация email для: d10@gmail.com
2025-04-02T16:06:02.823Z [INFO]: Верификационный код успешно сохранен в базу данных
2025-04-02T16:06:05.810Z [INFO]: Код подтверждения успешно отправлен на email
2025-04-02T16:06:14.198Z [INFO]: Успешная верификация email для: d11@gmail.com
2025-04-02T16:08:44.854Z [INFO]: Сервер запущен на порту 5001
2025-04-02T16:09:01.551Z [INFO]: Верификационный код успешно сохранен в базу данных
2025-04-02T16:09:03.299Z [INFO]: Код подтверждения успешно отправлен на email
2025-04-02T16:09:11.233Z [INFO]: Успешная верификация email для: d12@gmail.com
2025-04-02T16:10:09.586Z [INFO]: Верификационный код успешно сохранен в базу данных
2025-04-02T16:10:11.101Z [INFO]: Код подтверждения успешно отправлен на email
2025-04-02T16:10:17.692Z [INFO]: Успешная верификация email для: d13@gmail.com
2025-04-02T16:14:10.540Z [INFO]: Верификационный код успешно сохранен в базу данных
2025-04-02T16:14:12.143Z [INFO]: Код подтверждения успешно отправлен на email
2025-04-02T16:18:20.576Z [INFO]: Сервер запущен на порту 5001
2025-04-02T16:18:31.961Z [INFO]: Верификационный код успешно сохранен в базу данных
2025-04-02T16:19:05.419Z [INFO]: Сервер запущен на порту 5001
2025-04-02T16:19:32.690Z [INFO]: Сервер запущен на порту 5001
2025-04-02T16:20:00.736Z [INFO]: Сервер запущен на порту 5001
2025-04-02T16:20:10.567Z [INFO]: Сервер запущен на порту 5001
2025-04-02T16:20:41.246Z [INFO]: Верификационный код успешно сохранен в базу данных
2025-04-02T16:21:46.040Z [INFO]: Сервер запущен на порту 5001
2025-04-02T16:21:57.521Z [INFO]: Верификационный код успешно сохранен в базу данных
2025-04-02T16:22:03.629Z [ERROR]: Ошибка верификации: Нет данных для email: d13@gmail.com
2025-04-02T16:22:23.620Z [ERROR]: Ошибка отправки кода на email. Ошибка: connect ETIMEDOUT 142.250.102.109:587
2025-04-02T16:22:30.490Z [INFO]: Сервер запущен на порту 5001
2025-04-02T16:22:36.987Z [INFO]: Верификационный код успешно сохранен в базу данных
2025-04-02T16:22:42.183Z [ERROR]: Ошибка верификации: Нет данных для email: d13@gmail.com
2025-04-02T16:23:03.100Z [ERROR]: Ошибка отправки кода на email. Ошибка: connect ETIMEDOUT 142.250.102.109:587
2025-04-02T16:25:00.112Z [INFO]: Верификационный код успешно сохранен в базу данных
2025-04-02T16:25:20.328Z [ERROR]: Ошибка верификации: Нет данных для email: d13@gmail.com
2025-04-02T16:25:21.166Z [ERROR]: Ошибка отправки кода на email. Ошибка: connect ETIMEDOUT 142.250.102.109:587
2025-04-02T16:27:20.563Z [INFO]: Верификационный код успешно сохранен в базу данных
2025-04-02T16:27:41.309Z [INFO]: Верификационный код успешно сохранен в базу данных
2025-04-02T16:27:41.613Z [ERROR]: Ошибка отправки кода на email. Ошибка: connect ETIMEDOUT 142.250.102.109:587
2025-04-02T16:28:02.341Z [ERROR]: Ошибка отправки кода на email. Ошибка: connect ETIMEDOUT 142.250.102.109:587
2025-04-02T16:34:01.411Z [INFO]: Сервер запущен на порту 5001
2025-04-02T16:34:07.328Z [INFO]: Сервер запущен на порту 5001
2025-04-02T16:35:39.475Z [INFO]: Сервер запущен на порту 5001
2025-04-02T16:35:47.768Z [INFO]: Сервер запущен на порту 5001
2025-04-02T16:36:46.389Z [INFO]: Сервер запущен на порту 5001
2025-04-02T16:37:25.652Z [INFO]: Сервер запущен на порту 5001
2025-04-02T16:38:03.149Z [INFO]: Сервер запущен на порту 5001
2025-04-02T16:41:55.032Z [INFO]: Верификационный код успешно сохранен в базу данных
2025-04-02T16:42:21.142Z [ERROR]: Ошибка отправки кода на email. Ошибка: connect ETIMEDOUT 74.125.131.108:587
2025-04-02T16:44:28.283Z [INFO]: Верификационный код успешно сохранен в базу данных
2025-04-02T16:44:49.330Z [ERROR]: Ошибка отправки кода на email. Ошибка: connect ETIMEDOUT 74.125.131.108:587
2025-04-02T16:49:59.788Z [INFO]: Сервер запущен на порту 5001
2025-04-02T16:50:24.938Z [INFO]: Верификационный код успешно сохранен в базу данных
2025-04-02T16:50:26.546Z [INFO]: Код подтверждения успешно отправлен на email
2025-04-02T16:50:40.129Z [ERROR]: Ошибка при обновлении email: keril@gmail.com у пользователя: P7Qk7lxDphNNjYkTUO0oBAsKOL82. Ошибка: The email address is already in use by another account.
2025-04-02T16:50:53.400Z [INFO]: Верификационный код успешно сохранен в базу данных
2025-04-02T16:50:54.972Z [INFO]: Код подтверждения успешно отправлен на email
2025-04-02T16:55:11.784Z [INFO]: Верификационный код успешно сохранен в базу данных
2025-04-02T16:55:13.373Z [INFO]: Код подтверждения успешно отправлен на email
2025-04-02T16:55:33.980Z [INFO]: Успешная верификация email для: kipe122006@gmail.com
2025-04-02T16:55:50.772Z [INFO]: Верификационный код успешно сохранен в базу данных
2025-04-02T16:55:52.745Z [INFO]: Код подтверждения успешно отправлен на email
2025-04-02T16:56:48.712Z [INFO]: Верификационный код успешно сохранен в базу данных
2025-04-02T16:56:50.228Z [INFO]: Код подтверждения успешно отправлен на email
2025-04-02T16:58:13.378Z [INFO]: Верификационный код успешно сохранен в базу данных
2025-04-02T16:58:14.986Z [INFO]: Код подтверждения успешно отправлен на email
2025-04-02T16:58:37.308Z [INFO]: Верификационный код успешно сохранен в базу данных
2025-04-02T16:58:38.835Z [INFO]: Код подтверждения успешно отправлен на email
2025-04-02T16:58:48.147Z [ERROR]: Ошибка верификации: Неверный код для email: kipe122006@gmail.com. Введенный код: 142205, сохраненный код: 142206
2025-04-02T16:58:58.434Z [ERROR]: Ошибка верификации: Неверный код для email: kipe122006@gmail.com. Введенный код: 142205, сохраненный код: 142206
2025-04-02T16:59:04.718Z [INFO]: Верификационный код успешно сохранен в базу данных
2025-04-02T16:59:06.210Z [INFO]: Код подтверждения успешно отправлен на email
2025-04-02T17:08:15.692Z [INFO]: Верификационный код успешно сохранен в базу данных
2025-04-02T17:08:17.634Z [INFO]: Код подтверждения успешно отправлен на email
2025-04-02T17:10:14.787Z [INFO]: Верификационный код успешно сохранен в базу данных
2025-04-02T17:10:16.416Z [INFO]: Код подтверждения успешно отправлен на email
2025-04-02T17:15:40.878Z [INFO]: Верификационный код успешно сохранен в базу данных
2025-04-02T17:15:42.518Z [INFO]: Код подтверждения успешно отправлен на email
2025-04-02T17:16:18.140Z [INFO]: Верификационный код успешно сохранен в базу данных
2025-04-02T17:16:19.774Z [INFO]: Код подтверждения успешно отправлен на email
2025-04-02T17:19:20.888Z [INFO]: Верификационный код успешно сохранен в базу данных
2025-04-02T17:19:22.440Z [INFO]: Код подтверждения успешно отправлен на email
2025-04-02T17:19:29.802Z [INFO]: Верификационный код успешно сохранен в базу данных
2025-04-02T17:19:31.316Z [INFO]: Код подтверждения успешно отправлен на email
2025-04-02T17:19:38.249Z [INFO]: Верификационный код успешно сохранен в базу данных
2025-04-02T17:19:39.760Z [INFO]: Код подтверждения успешно отправлен на email
2025-04-02T17:23:10.320Z [INFO]: Верификационный код успешно сохранен в базу данных
2025-04-02T17:23:11.896Z [INFO]: Код подтверждения успешно отправлен на email
2025-04-02T17:23:58.877Z [INFO]: Верификационный код успешно сохранен в базу данных
2025-04-02T17:24:00.491Z [INFO]: Код подтверждения успешно отправлен на email
2025-04-02T17:24:37.336Z [INFO]: Верификационный код успешно сохранен в базу данных
2025-04-02T17:24:38.814Z [INFO]: Код подтверждения успешно отправлен на email
2025-04-02T17:24:48.476Z [ERROR]: Ошибка верификации: Неверный код для email: kipe@gmail.com. Введенный код: 545785, сохраненный код: 837447
2025-04-02T17:24:56.911Z [ERROR]: Ошибка верификации: Неверный код для email: kipe@gmail.com. Введенный код: 545785, сохраненный код: 837447
2025-04-02T17:25:24.188Z [INFO]: Верификационный код успешно сохранен в базу данных
2025-04-02T17:25:25.732Z [INFO]: Код подтверждения успешно отправлен на email
2025-04-02T17:25:37.409Z [ERROR]: Ошибка верификации: Неверный код для email: kipe006@gmail.com. Введенный код: 324234, сохраненный код: 529680
2025-04-02T17:26:12.612Z [INFO]: Верификационный код успешно сохранен в базу данных
2025-04-02T17:26:14.228Z [INFO]: Код подтверждения успешно отправлен на email
2025-04-02T17:32:54.493Z [INFO]: Верификационный код успешно сохранен в базу данных
2025-04-02T17:32:56.122Z [INFO]: Код подтверждения успешно отправлен на email
2025-04-02T17:33:03.457Z [INFO]: Верификационный код успешно сохранен в базу данных
2025-04-02T17:33:04.863Z [INFO]: Код подтверждения успешно отправлен на email
2025-04-02T17:33:51.601Z [INFO]: Верификационный код успешно сохранен в базу данных
2025-04-02T17:33:53.102Z [INFO]: Код подтверждения успешно отправлен на email
2025-04-02T17:34:01.617Z [INFO]: Верификационный код успешно сохранен в базу данных
2025-04-02T17:34:04.130Z [INFO]: Код подтверждения успешно отправлен на email
2025-04-02T17:41:23.100Z [INFO]: Верификационный код успешно сохранен в базу данных
2025-04-02T17:41:24.611Z [INFO]: Код подтверждения успешно отправлен на email
2025-04-02T17:42:02.379Z [INFO]: Верификационный код успешно сохранен в базу данных
2025-04-02T17:42:03.967Z [INFO]: Код подтверждения успешно отправлен на email
2025-04-02T17:42:56.482Z [INFO]: Верификационный код успешно сохранен в базу данных
2025-04-02T17:42:57.959Z [INFO]: Код подтверждения успешно отправлен на email
2025-04-02T17:44:29.493Z [INFO]: Верификационный код успешно сохранен в базу данных
2025-04-02T17:44:31.996Z [INFO]: Код подтверждения успешно отправлен на email
2025-04-02T17:44:40.304Z [INFO]: Верификационный код успешно сохранен в базу данных
2025-04-02T17:44:41.706Z [INFO]: Код подтверждения успешно отправлен на email
2025-04-02T17:44:46.523Z [ERROR]: Ошибка верификации: Неверный код для email: kipe106@gmail.com. Введенный код: 323232, сохраненный код: 165706
2025-04-02T17:45:18.675Z [INFO]: Верификационный код успешно сохранен в базу данных
2025-04-02T17:45:20.222Z [INFO]: Код подтверждения успешно отправлен на email
2025-04-02T17:46:33.517Z [INFO]: Верификационный код успешно сохранен в базу данных
2025-04-02T17:46:35.042Z [INFO]: Код подтверждения успешно отправлен на email
2025-04-02T17:46:41.873Z [INFO]: Верификационный код успешно сохранен в базу данных
2025-04-02T17:46:43.306Z [INFO]: Код подтверждения успешно отправлен на email
2025-04-02T17:47:14.246Z [INFO]: Верификационный код успешно сохранен в базу данных
2025-04-02T17:47:15.816Z [INFO]: Код подтверждения успешно отправлен на email
2025-04-02T17:50:08.706Z [INFO]: Верификационный код успешно сохранен в базу данных
2025-04-02T17:50:10.455Z [INFO]: Код подтверждения успешно отправлен на email
2025-04-02T17:50:23.485Z [INFO]: Успешная верификация email для: k@gmail.com
2025-04-02T17:52:40.808Z [INFO]: Верификационный код успешно сохранен в базу данных
2025-04-02T17:52:42.533Z [INFO]: Код подтверждения успешно отправлен на email
2025-04-02T17:56:43.443Z [INFO]: Верификационный код успешно сохранен в базу данных
2025-04-02T17:56:45.039Z [INFO]: Код подтверждения успешно отправлен на email
2025-04-02T17:57:30.748Z [INFO]: Верификационный код успешно сохранен в базу данных
2025-04-02T17:57:34.270Z [INFO]: Код подтверждения успешно отправлен на email
2025-04-02T17:58:02.086Z [INFO]: Верификационный код успешно сохранен в базу данных
2025-04-02T17:58:03.685Z [INFO]: Код подтверждения успешно отправлен на email
2025-04-02T18:00:31.587Z [INFO]: Верификационный код успешно сохранен в базу данных
2025-04-02T18:00:33.272Z [INFO]: Код подтверждения успешно отправлен на email
2025-04-02T18:00:47.685Z [INFO]: Успешная верификация email для: f5@gmail.com
2025-04-02T19:59:47.922Z [INFO]: Сервер запущен на порту 5001
2025-04-02T19:59:56.545Z [INFO]: Сервер запущен на порту 5001
2025-04-02T20:00:01.852Z [INFO]: Сервер запущен на порту 5001
2025-04-02T20:00:06.938Z [INFO]: Сервер запущен на порту 5001
2025-04-02T20:24:47.580Z [INFO]: Верификационный код успешно сохранен в базу данных
2025-04-02T20:24:49.561Z [INFO]: Верификационный код успешно сохранен в базу данных
2025-04-02T20:24:50.515Z [INFO]: Верификационный код успешно сохранен в базу данных
2025-04-02T20:25:13.685Z [ERROR]: Ошибка отправки кода на email. Ошибка: connect ETIMEDOUT 108.177.96.108:587
2025-04-02T20:25:15.683Z [ERROR]: Ошибка отправки кода на email. Ошибка: connect ETIMEDOUT 108.177.96.109:587
2025-04-02T20:25:16.618Z [ERROR]: Ошибка отправки кода на email. Ошибка: connect ETIMEDOUT 108.177.96.109:587
